May 16 2024 03:58:15
{"type":8192,"message":"Creation of dynamic property FrmSettings::$frm_edit_displays is deprecated","file":"\/var\/www\/html\/wp-content\/plugins\/formidable\/classes\/models\/FrmSettings.php","line":53}

May 16 2024 03:58:16
{"type":8192,"message":"Creation of dynamic property FrmSettings::$frm_edit_displays is deprecated","file":"\/var\/www\/html\/wp-content\/plugins\/formidable\/classes\/models\/FrmSettings.php","line":53}

May 16 2024 03:58:16
{"type":8192,"message":"Creation of dynamic property FrmSettings::$frm_edit_displays is deprecated","file":"\/var\/www\/html\/wp-content\/plugins\/formidable\/classes\/models\/FrmSettings.php","line":53}

May 16 2024 03:58:17
{"type":8192,"message":"Creation of dynamic property FrmSettings::$frm_edit_displays is deprecated","file":"\/var\/www\/html\/wp-content\/plugins\/formidable\/classes\/models\/FrmSettings.php","line":53}

May 16 2024 03:58:19
{"type":8192,"message":"Creation of dynamic property FrmSettings::$frm_edit_displays is deprecated","file":"\/var\/www\/html\/wp-content\/plugins\/formidable\/classes\/models\/FrmSettings.php","line":53}

May 16 2024 03:58:21
{"type":8192,"message":"Creation of dynamic property FrmSettings::$frm_edit_displays is deprecated","file":"\/var\/www\/html\/wp-content\/plugins\/formidable\/classes\/models\/FrmSettings.php","line":53}

May 16 2024 03:58:21
{"type":8192,"message":"Creation of dynamic property FrmSettings::$frm_edit_displays is deprecated","file":"\/var\/www\/html\/wp-content\/plugins\/formidable\/classes\/models\/FrmSettings.php","line":53}

May 16 2024 03:58:22
{"type":8192,"message":"Creation of dynamic property FrmSettings::$frm_edit_displays is deprecated","file":"\/var\/www\/html\/wp-content\/plugins\/formidable\/classes\/models\/FrmSettings.php","line":53}

May 16 2024 03:58:25
{"type":8192,"message":"Creation of dynamic property FrmSettings::$frm_edit_displays is deprecated","file":"\/var\/www\/html\/wp-content\/plugins\/formidable\/classes\/models\/FrmSettings.php","line":53}

May 16 2024 03:58:26
{"type":8192,"message":"Creation of dynamic property FrmSettings::$frm_edit_displays is deprecated","file":"\/var\/www\/html\/wp-content\/plugins\/formidable\/classes\/models\/FrmSettings.php","line":53}

May 16 2024 03:58:30
{"type":8192,"message":"Creation of dynamic property FrmSettings::$frm_edit_displays is deprecated","file":"\/var\/www\/html\/wp-content\/plugins\/formidable\/classes\/models\/FrmSettings.php","line":53}

May 16 2024 03:58:36
{"type":8192,"message":"Creation of dynamic property FrmSettings::$frm_edit_displays is deprecated","file":"\/var\/www\/html\/wp-content\/plugins\/formidable\/classes\/models\/FrmSettings.php","line":53}

May 16 2024 03:58:37
{"type":8192,"message":"Creation of dynamic property FrmSettings::$frm_edit_displays is deprecated","file":"\/var\/www\/html\/wp-content\/plugins\/formidable\/classes\/models\/FrmSettings.php","line":53}

May 16 2024 03:58:40
{"type":8192,"message":"Creation of dynamic property FrmSettings::$frm_edit_displays is deprecated","file":"\/var\/www\/html\/wp-content\/plugins\/formidable\/classes\/models\/FrmSettings.php","line":53}

May 16 2024 03:58:41
{"type":8192,"message":"Creation of dynamic property FrmSettings::$frm_edit_displays is deprecated","file":"\/var\/www\/html\/wp-content\/plugins\/formidable\/classes\/models\/FrmSettings.php","line":53}

May 16 2024 03:58:44
{"type":8192,"message":"Creation of dynamic property FrmSettings::$frm_edit_displays is deprecated","file":"\/var\/www\/html\/wp-content\/plugins\/formidable\/classes\/models\/FrmSettings.php","line":53}

May 16 2024 03:58:45
{"type":8192,"message":"Creation of dynamic property FrmSettings::$frm_edit_displays is deprecated","file":"\/var\/www\/html\/wp-content\/plugins\/formidable\/classes\/models\/FrmSettings.php","line":53}

May 16 2024 03:58:48
{"type":8192,"message":"Creation of dynamic property FrmSettings::$frm_edit_displays is deprecated","file":"\/var\/www\/html\/wp-content\/plugins\/formidable\/classes\/models\/FrmSettings.php","line":53}

May 16 2024 03:58:49
{"type":8192,"message":"Creation of dynamic property FrmSettings::$frm_edit_displays is deprecated","file":"\/var\/www\/html\/wp-content\/plugins\/formidable\/classes\/models\/FrmSettings.php","line":53}

May 16 2024 03:58:55
{"type":8192,"message":"Creation of dynamic property FrmSettings::$frm_edit_displays is deprecated","file":"\/var\/www\/html\/wp-content\/plugins\/formidable\/classes\/models\/FrmSettings.php","line":53}

May 16 2024 03:58:59
{"type":8192,"message":"Creation of dynamic property FrmSettings::$frm_edit_displays is deprecated","file":"\/var\/www\/html\/wp-content\/plugins\/formidable\/classes\/models\/FrmSettings.php","line":53}

May 16 2024 03:59:00
{"type":8192,"message":"Creation of dynamic property FrmSettings::$frm_edit_displays is deprecated","file":"\/var\/www\/html\/wp-content\/plugins\/formidable\/classes\/models\/FrmSettings.php","line":53}

May 16 2024 03:59:06
{"type":8192,"message":"Creation of dynamic property FrmSettings::$frm_edit_displays is deprecated","file":"\/var\/www\/html\/wp-content\/plugins\/formidable\/classes\/models\/FrmSettings.php","line":53}

May 16 2024 03:59:07
{"type":8192,"message":"Creation of dynamic property FrmSettings::$frm_edit_displays is deprecated","file":"\/var\/www\/html\/wp-content\/plugins\/formidable\/classes\/models\/FrmSettings.php","line":53}

May 16 2024 03:59:12
{"type":8192,"message":"Creation of dynamic property FrmSettings::$frm_edit_displays is deprecated","file":"\/var\/www\/html\/wp-content\/plugins\/formidable\/classes\/models\/FrmSettings.php","line":53}

May 16 2024 03:59:18
{"type":8192,"message":"Creation of dynamic property FrmSettings::$frm_edit_displays is deprecated","file":"\/var\/www\/html\/wp-content\/plugins\/formidable\/classes\/models\/FrmSettings.php","line":53}

May 16 2024 03:59:19
{"type":8192,"message":"Creation of dynamic property FrmSettings::$frm_edit_displays is deprecated","file":"\/var\/www\/html\/wp-content\/plugins\/formidable\/classes\/models\/FrmSettings.php","line":53}

May 16 2024 03:59:22
{"type":8192,"message":"Creation of dynamic property FrmSettings::$frm_edit_displays is deprecated","file":"\/var\/www\/html\/wp-content\/plugins\/formidable\/classes\/models\/FrmSettings.php","line":53}

May 16 2024 03:59:28
{"type":8192,"message":"Creation of dynamic property FrmSettings::$frm_edit_displays is deprecated","file":"\/var\/www\/html\/wp-content\/plugins\/formidable\/classes\/models\/FrmSettings.php","line":53}

May 16 2024 03:59:32
{"type":8192,"message":"Creation of dynamic property FrmSettings::$frm_edit_displays is deprecated","file":"\/var\/www\/html\/wp-content\/plugins\/formidable\/classes\/models\/FrmSettings.php","line":53}

May 16 2024 03:59:33
{"type":8192,"message":"Creation of dynamic property FrmSettings::$frm_edit_displays is deprecated","file":"\/var\/www\/html\/wp-content\/plugins\/formidable\/classes\/models\/FrmSettings.php","line":53}

May 16 2024 03:59:40
{"type":8192,"message":"Creation of dynamic property FrmSettings::$frm_edit_displays is deprecated","file":"\/var\/www\/html\/wp-content\/plugins\/formidable\/classes\/models\/FrmSettings.php","line":53}

May 16 2024 03:59:43
{"type":8192,"message":"Creation of dynamic property FrmSettings::$frm_edit_displays is deprecated","file":"\/var\/www\/html\/wp-content\/plugins\/formidable\/classes\/models\/FrmSettings.php","line":53}

May 16 2024 03:59:44
{"type":8192,"message":"Creation of dynamic property FrmSettings::$frm_edit_displays is deprecated","file":"\/var\/www\/html\/wp-content\/plugins\/formidable\/classes\/models\/FrmSettings.php","line":53}

May 16 2024 03:59:50
{"type":8192,"message":"Creation of dynamic property FrmSettings::$frm_edit_displays is deprecated","file":"\/var\/www\/html\/wp-content\/plugins\/formidable\/classes\/models\/FrmSettings.php","line":53}

May 16 2024 03:59:54
{"type":8192,"message":"Creation of dynamic property FrmSettings::$frm_edit_displays is deprecated","file":"\/var\/www\/html\/wp-content\/plugins\/formidable\/classes\/models\/FrmSettings.php","line":53}

May 16 2024 03:59:55
{"type":8192,"message":"Creation of dynamic property FrmSettings::$frm_edit_displays is deprecated","file":"\/var\/www\/html\/wp-content\/plugins\/formidable\/classes\/models\/FrmSettings.php","line":53}

May 16 2024 04:00:01
{"type":8192,"message":"Creation of dynamic property FrmSettings::$frm_edit_displays is deprecated","file":"\/var\/www\/html\/wp-content\/plugins\/formidable\/classes\/models\/FrmSettings.php","line":53}

May 16 2024 04:00:05
{"type":8192,"message":"Creation of dynamic property FrmSettings::$frm_edit_displays is deprecated","file":"\/var\/www\/html\/wp-content\/plugins\/formidable\/classes\/models\/FrmSettings.php","line":53}

May 16 2024 04:00:06
{"type":8192,"message":"Creation of dynamic property FrmSettings::$frm_edit_displays is deprecated","file":"\/var\/www\/html\/wp-content\/plugins\/formidable\/classes\/models\/FrmSettings.php","line":53}

May 16 2024 04:00:12
{"type":8192,"message":"Creation of dynamic property FrmSettings::$frm_edit_displays is deprecated","file":"\/var\/www\/html\/wp-content\/plugins\/formidable\/classes\/models\/FrmSettings.php","line":53}

May 16 2024 04:00:16
{"type":8192,"message":"Creation of dynamic property FrmSettings::$frm_edit_displays is deprecated","file":"\/var\/www\/html\/wp-content\/plugins\/formidable\/classes\/models\/FrmSettings.php","line":53}

May 16 2024 04:00:17
{"type":8192,"message":"Creation of dynamic property FrmSettings::$frm_edit_displays is deprecated","file":"\/var\/www\/html\/wp-content\/plugins\/formidable\/classes\/models\/FrmSettings.php","line":53}

May 16 2024 04:00:23
{"type":8192,"message":"Creation of dynamic property FrmSettings::$frm_edit_displays is deprecated","file":"\/var\/www\/html\/wp-content\/plugins\/formidable\/classes\/models\/FrmSettings.php","line":53}

May 16 2024 04:00:27
{"type":8192,"message":"Creation of dynamic property FrmSettings::$frm_edit_displays is deprecated","file":"\/var\/www\/html\/wp-content\/plugins\/formidable\/classes\/models\/FrmSettings.php","line":53}

May 16 2024 04:00:28
{"type":8192,"message":"Creation of dynamic property FrmSettings::$frm_edit_displays is deprecated","file":"\/var\/www\/html\/wp-content\/plugins\/formidable\/classes\/models\/FrmSettings.php","line":53}

May 16 2024 04:00:35
{"type":8192,"message":"Creation of dynamic property FrmSettings::$frm_edit_displays is deprecated","file":"\/var\/www\/html\/wp-content\/plugins\/formidable\/classes\/models\/FrmSettings.php","line":53}

May 16 2024 04:00:39
{"type":8192,"message":"Creation of dynamic property FrmSettings::$frm_edit_displays is deprecated","file":"\/var\/www\/html\/wp-content\/plugins\/formidable\/classes\/models\/FrmSettings.php","line":53}

May 16 2024 04:00:40
{"type":8192,"message":"Creation of dynamic property FrmSettings::$frm_edit_displays is deprecated","file":"\/var\/www\/html\/wp-content\/plugins\/formidable\/classes\/models\/FrmSettings.php","line":53}

May 16 2024 04:00:46
{"type":8192,"message":"Creation of dynamic property FrmSettings::$frm_edit_displays is deprecated","file":"\/var\/www\/html\/wp-content\/plugins\/formidable\/classes\/models\/FrmSettings.php","line":53}

May 16 2024 04:00:50
{"type":8192,"message":"Creation of dynamic property FrmSettings::$frm_edit_displays is deprecated","file":"\/var\/www\/html\/wp-content\/plugins\/formidable\/classes\/models\/FrmSettings.php","line":53}

May 16 2024 04:00:51
{"type":8192,"message":"Creation of dynamic property FrmSettings::$frm_edit_displays is deprecated","file":"\/var\/www\/html\/wp-content\/plugins\/formidable\/classes\/models\/FrmSettings.php","line":53}

May 16 2024 04:00:57
{"type":8192,"message":"Creation of dynamic property FrmSettings::$frm_edit_displays is deprecated","file":"\/var\/www\/html\/wp-content\/plugins\/formidable\/classes\/models\/FrmSettings.php","line":53}

May 16 2024 04:01:01
{"type":8192,"message":"Creation of dynamic property FrmSettings::$frm_edit_displays is deprecated","file":"\/var\/www\/html\/wp-content\/plugins\/formidable\/classes\/models\/FrmSettings.php","line":53}

May 16 2024 04:01:02
{"type":8192,"message":"Creation of dynamic property FrmSettings::$frm_edit_displays is deprecated","file":"\/var\/www\/html\/wp-content\/plugins\/formidable\/classes\/models\/FrmSettings.php","line":53}

May 16 2024 04:01:08
{"type":8192,"message":"Creation of dynamic property FrmSettings::$frm_edit_displays is deprecated","file":"\/var\/www\/html\/wp-content\/plugins\/formidable\/classes\/models\/FrmSettings.php","line":53}

May 16 2024 04:01:12
{"type":8192,"message":"Creation of dynamic property FrmSettings::$frm_edit_displays is deprecated","file":"\/var\/www\/html\/wp-content\/plugins\/formidable\/classes\/models\/FrmSettings.php","line":53}

May 16 2024 04:01:13
{"type":8192,"message":"Creation of dynamic property FrmSettings::$frm_edit_displays is deprecated","file":"\/var\/www\/html\/wp-content\/plugins\/formidable\/classes\/models\/FrmSettings.php","line":53}

May 16 2024 04:01:19
{"type":8192,"message":"Creation of dynamic property FrmSettings::$frm_edit_displays is deprecated","file":"\/var\/www\/html\/wp-content\/plugins\/formidable\/classes\/models\/FrmSettings.php","line":53}

May 16 2024 04:01:21
{"type":8192,"message":"Creation of dynamic property FrmSettings::$frm_edit_displays is deprecated","file":"\/var\/www\/html\/wp-content\/plugins\/formidable\/classes\/models\/FrmSettings.php","line":53}

May 16 2024 04:01:23
{"type":8192,"message":"Creation of dynamic property FrmSettings::$frm_edit_displays is deprecated","file":"\/var\/www\/html\/wp-content\/plugins\/formidable\/classes\/models\/FrmSettings.php","line":53}

May 16 2024 04:01:28
{"type":8192,"message":"Creation of dynamic property FrmSettings::$frm_edit_displays is deprecated","file":"\/var\/www\/html\/wp-content\/plugins\/formidable\/classes\/models\/FrmSettings.php","line":53}

May 16 2024 04:01:33
{"type":8192,"message":"Creation of dynamic property FrmSettings::$frm_edit_displays is deprecated","file":"\/var\/www\/html\/wp-content\/plugins\/formidable\/classes\/models\/FrmSettings.php","line":53}

May 16 2024 04:01:33
{"type":8192,"message":"Creation of dynamic property FrmSettings::$frm_edit_displays is deprecated","file":"\/var\/www\/html\/wp-content\/plugins\/formidable\/classes\/models\/FrmSettings.php","line":53}

May 16 2024 04:01:36
{"type":8192,"message":"Creation of dynamic property FrmSettings::$frm_edit_displays is deprecated","file":"\/var\/www\/html\/wp-content\/plugins\/formidable\/classes\/models\/FrmSettings.php","line":53}

May 16 2024 04:01:37
{"type":8192,"message":"Creation of dynamic property FrmSettings::$frm_edit_displays is deprecated","file":"\/var\/www\/html\/wp-content\/plugins\/formidable\/classes\/models\/FrmSettings.php","line":53}

May 16 2024 04:01:38
{"type":8192,"message":"Creation of dynamic property FrmSettings::$frm_edit_displays is deprecated","file":"\/var\/www\/html\/wp-content\/plugins\/formidable\/classes\/models\/FrmSettings.php","line":53}

May 16 2024 04:01:39
{"type":8192,"message":"Creation of dynamic property FrmSettings::$frm_edit_displays is deprecated","file":"\/var\/www\/html\/wp-content\/plugins\/formidable\/classes\/models\/FrmSettings.php","line":53}

May 16 2024 04:01:41
{"type":8192,"message":"Creation of dynamic property FrmSettings::$frm_edit_displays is deprecated","file":"\/var\/www\/html\/wp-content\/plugins\/formidable\/classes\/models\/FrmSettings.php","line":53}

May 16 2024 04:01:47
{"type":8192,"message":"Creation of dynamic property FrmSettings::$frm_edit_displays is deprecated","file":"\/var\/www\/html\/wp-content\/plugins\/formidable\/classes\/models\/FrmSettings.php","line":53}

May 16 2024 04:01:52
{"type":8192,"message":"Creation of dynamic property FrmSettings::$frm_edit_displays is deprecated","file":"\/var\/www\/html\/wp-content\/plugins\/formidable\/classes\/models\/FrmSettings.php","line":53}

May 16 2024 04:01:57
{"type":8192,"message":"Creation of dynamic property FrmSettings::$frm_edit_displays is deprecated","file":"\/var\/www\/html\/wp-content\/plugins\/formidable\/classes\/models\/FrmSettings.php","line":53}

May 16 2024 04:02:04
{"type":8192,"message":"Creation of dynamic property FrmSettings::$frm_edit_displays is deprecated","file":"\/var\/www\/html\/wp-content\/plugins\/formidable\/classes\/models\/FrmSettings.php","line":53}

May 16 2024 04:02:11
{"type":8192,"message":"Creation of dynamic property FrmSettings::$frm_edit_displays is deprecated","file":"\/var\/www\/html\/wp-content\/plugins\/formidable\/classes\/models\/FrmSettings.php","line":53}

May 16 2024 04:02:17
{"type":8192,"message":"Creation of dynamic property FrmSettings::$frm_edit_displays is deprecated","file":"\/var\/www\/html\/wp-content\/plugins\/formidable\/classes\/models\/FrmSettings.php","line":53}

May 16 2024 04:02:23
{"type":8192,"message":"Creation of dynamic property FrmSettings::$frm_edit_displays is deprecated","file":"\/var\/www\/html\/wp-content\/plugins\/formidable\/classes\/models\/FrmSettings.php","line":53}

May 16 2024 04:02:24
{"type":8192,"message":"Creation of dynamic property FrmSettings::$frm_edit_displays is deprecated","file":"\/var\/www\/html\/wp-content\/plugins\/formidable\/classes\/models\/FrmSettings.php","line":53}

May 16 2024 04:02:27
{"type":8192,"message":"Creation of dynamic property FrmSettings::$frm_edit_displays is deprecated","file":"\/var\/www\/html\/wp-content\/plugins\/formidable\/classes\/models\/FrmSettings.php","line":53}

May 16 2024 04:02:28
{"type":8192,"message":"Creation of dynamic property FrmSettings::$frm_edit_displays is deprecated","file":"\/var\/www\/html\/wp-content\/plugins\/formidable\/classes\/models\/FrmSettings.php","line":53}

Jun 18 2024 08:49:13
{"type":8192,"message":"Creation of dynamic property Options_Machine::$Defaults is deprecated","file":"\/var\/www\/html\/wp-content\/themes\/flatsome\/inc\/admin\/advanced\/classes\/class.options_machine.php","line":23}

Jun 18 2024 08:49:13
{"type":8192,"message":"Creation of dynamic property Options_Machine::$Defaults is deprecated","file":"\/var\/www\/html\/wp-content\/themes\/flatsome\/inc\/admin\/advanced\/classes\/class.options_machine.php","line":23}

Jun 18 2024 08:49:13
{"type":8192,"message":"Creation of dynamic property Options_Machine::$Defaults is deprecated","file":"\/var\/www\/html\/wp-content\/themes\/flatsome\/inc\/admin\/advanced\/classes\/class.options_machine.php","line":23}

Jun 18 2024 08:49:14
{"type":8192,"message":"Creation of dynamic property Options_Machine::$Defaults is deprecated","file":"\/var\/www\/html\/wp-content\/themes\/flatsome\/inc\/admin\/advanced\/classes\/class.options_machine.php","line":23}

Jun 18 2024 08:49:15
{"type":8192,"message":"Creation of dynamic property Options_Machine::$Defaults is deprecated","file":"\/var\/www\/html\/wp-content\/themes\/flatsome\/inc\/admin\/advanced\/classes\/class.options_machine.php","line":23}

Jun 18 2024 08:49:15
{"type":8192,"message":"Creation of dynamic property Options_Machine::$Defaults is deprecated","file":"\/var\/www\/html\/wp-content\/themes\/flatsome\/inc\/admin\/advanced\/classes\/class.options_machine.php","line":23}

Jun 18 2024 08:49:16
{"type":8192,"message":"Creation of dynamic property Options_Machine::$Defaults is deprecated","file":"\/var\/www\/html\/wp-content\/themes\/flatsome\/inc\/admin\/advanced\/classes\/class.options_machine.php","line":23}

Jun 18 2024 08:49:16
{"type":8192,"message":"Creation of dynamic property Options_Machine::$Defaults is deprecated","file":"\/var\/www\/html\/wp-content\/themes\/flatsome\/inc\/admin\/advanced\/classes\/class.options_machine.php","line":23}

Jun 18 2024 08:49:17
{"type":8192,"message":"Creation of dynamic property Options_Machine::$Defaults is deprecated","file":"\/var\/www\/html\/wp-content\/themes\/flatsome\/inc\/admin\/advanced\/classes\/class.options_machine.php","line":23}

Jun 18 2024 08:49:20
{"type":8192,"message":"Creation of dynamic property Options_Machine::$Defaults is deprecated","file":"\/var\/www\/html\/wp-content\/themes\/flatsome\/inc\/admin\/advanced\/classes\/class.options_machine.php","line":23}

Jun 18 2024 08:49:25
{"type":8192,"message":"Creation of dynamic property Options_Machine::$Defaults is deprecated","file":"\/var\/www\/html\/wp-content\/themes\/flatsome\/inc\/admin\/advanced\/classes\/class.options_machine.php","line":23}

Jun 18 2024 08:49:25
{"type":8192,"message":"Creation of dynamic property Options_Machine::$Defaults is deprecated","file":"\/var\/www\/html\/wp-content\/themes\/flatsome\/inc\/admin\/advanced\/classes\/class.options_machine.php","line":23}

Jun 18 2024 08:49:29
{"type":8192,"message":"Creation of dynamic property Options_Machine::$Defaults is deprecated","file":"\/var\/www\/html\/wp-content\/themes\/flatsome\/inc\/admin\/advanced\/classes\/class.options_machine.php","line":23}

Jun 18 2024 08:49:33
{"type":8192,"message":"Creation of dynamic property Options_Machine::$Defaults is deprecated","file":"\/var\/www\/html\/wp-content\/themes\/flatsome\/inc\/admin\/advanced\/classes\/class.options_machine.php","line":23}

Jun 18 2024 08:49:34
{"type":8192,"message":"Creation of dynamic property Options_Machine::$Defaults is deprecated","file":"\/var\/www\/html\/wp-content\/themes\/flatsome\/inc\/admin\/advanced\/classes\/class.options_machine.php","line":23}

Jun 18 2024 08:49:34
{"type":8192,"message":"Creation of dynamic property Options_Machine::$Defaults is deprecated","file":"\/var\/www\/html\/wp-content\/themes\/flatsome\/inc\/admin\/advanced\/classes\/class.options_machine.php","line":23}

Jun 18 2024 08:49:35
{"type":8192,"message":"Creation of dynamic property Options_Machine::$Defaults is deprecated","file":"\/var\/www\/html\/wp-content\/themes\/flatsome\/inc\/admin\/advanced\/classes\/class.options_machine.php","line":23}

Jun 18 2024 08:49:37
{"type":8192,"message":"Creation of dynamic property Options_Machine::$Defaults is deprecated","file":"\/var\/www\/html\/wp-content\/themes\/flatsome\/inc\/admin\/advanced\/classes\/class.options_machine.php","line":23}

Jun 18 2024 08:49:37
{"type":8192,"message":"Creation of dynamic property Options_Machine::$Defaults is deprecated","file":"\/var\/www\/html\/wp-content\/themes\/flatsome\/inc\/admin\/advanced\/classes\/class.options_machine.php","line":23}

Jun 18 2024 08:49:42
{"type":8192,"message":"Creation of dynamic property Options_Machine::$Defaults is deprecated","file":"\/var\/www\/html\/wp-content\/themes\/flatsome\/inc\/admin\/advanced\/classes\/class.options_machine.php","line":23}

Jun 18 2024 08:49:46
{"type":8192,"message":"Creation of dynamic property Options_Machine::$Defaults is deprecated","file":"\/var\/www\/html\/wp-content\/themes\/flatsome\/inc\/admin\/advanced\/classes\/class.options_machine.php","line":23}

Jun 18 2024 08:49:47
{"type":8192,"message":"Creation of dynamic property Options_Machine::$Defaults is deprecated","file":"\/var\/www\/html\/wp-content\/themes\/flatsome\/inc\/admin\/advanced\/classes\/class.options_machine.php","line":23}

Jun 18 2024 08:49:51
{"type":8192,"message":"Creation of dynamic property Options_Machine::$Defaults is deprecated","file":"\/var\/www\/html\/wp-content\/themes\/flatsome\/inc\/admin\/advanced\/classes\/class.options_machine.php","line":23}

Jun 18 2024 08:49:56
{"type":8192,"message":"Creation of dynamic property Options_Machine::$Defaults is deprecated","file":"\/var\/www\/html\/wp-content\/themes\/flatsome\/inc\/admin\/advanced\/classes\/class.options_machine.php","line":23}

Jun 18 2024 08:49:58
{"type":8192,"message":"Creation of dynamic property Options_Machine::$Defaults is deprecated","file":"\/var\/www\/html\/wp-content\/themes\/flatsome\/inc\/admin\/advanced\/classes\/class.options_machine.php","line":23}

Jun 18 2024 08:50:00
{"type":8192,"message":"Creation of dynamic property Options_Machine::$Defaults is deprecated","file":"\/var\/www\/html\/wp-content\/themes\/flatsome\/inc\/admin\/advanced\/classes\/class.options_machine.php","line":23}

Jun 18 2024 08:50:05
{"type":8192,"message":"Creation of dynamic property Options_Machine::$Defaults is deprecated","file":"\/var\/www\/html\/wp-content\/themes\/flatsome\/inc\/admin\/advanced\/classes\/class.options_machine.php","line":23}

Jun 18 2024 08:50:10
{"type":8192,"message":"Creation of dynamic property Options_Machine::$Defaults is deprecated","file":"\/var\/www\/html\/wp-content\/themes\/flatsome\/inc\/admin\/advanced\/classes\/class.options_machine.php","line":23}

Jun 18 2024 08:50:10
{"type":8192,"message":"Creation of dynamic property Options_Machine::$Defaults is deprecated","file":"\/var\/www\/html\/wp-content\/themes\/flatsome\/inc\/admin\/advanced\/classes\/class.options_machine.php","line":23}

Jun 18 2024 08:50:15
{"type":8192,"message":"Creation of dynamic property Options_Machine::$Defaults is deprecated","file":"\/var\/www\/html\/wp-content\/themes\/flatsome\/inc\/admin\/advanced\/classes\/class.options_machine.php","line":23}

Jun 18 2024 08:50:20
{"type":8192,"message":"Creation of dynamic property Options_Machine::$Defaults is deprecated","file":"\/var\/www\/html\/wp-content\/themes\/flatsome\/inc\/admin\/advanced\/classes\/class.options_machine.php","line":23}

Jun 18 2024 08:50:21
{"type":8192,"message":"Creation of dynamic property Options_Machine::$Defaults is deprecated","file":"\/var\/www\/html\/wp-content\/themes\/flatsome\/inc\/admin\/advanced\/classes\/class.options_machine.php","line":23}

Jun 18 2024 08:50:24
{"type":8192,"message":"Creation of dynamic property Options_Machine::$Defaults is deprecated","file":"\/var\/www\/html\/wp-content\/themes\/flatsome\/inc\/admin\/advanced\/classes\/class.options_machine.php","line":23}

Jun 18 2024 08:50:29
{"type":8192,"message":"Creation of dynamic property Options_Machine::$Defaults is deprecated","file":"\/var\/www\/html\/wp-content\/themes\/flatsome\/inc\/admin\/advanced\/classes\/class.options_machine.php","line":23}

Jun 18 2024 08:50:33
{"type":8192,"message":"Creation of dynamic property Options_Machine::$Defaults is deprecated","file":"\/var\/www\/html\/wp-content\/themes\/flatsome\/inc\/admin\/advanced\/classes\/class.options_machine.php","line":23}

Jun 18 2024 08:50:33
{"type":8192,"message":"Creation of dynamic property Options_Machine::$Defaults is deprecated","file":"\/var\/www\/html\/wp-content\/themes\/flatsome\/inc\/admin\/advanced\/classes\/class.options_machine.php","line":23}

Jun 18 2024 08:50:38
{"type":8192,"message":"Creation of dynamic property Options_Machine::$Defaults is deprecated","file":"\/var\/www\/html\/wp-content\/themes\/flatsome\/inc\/admin\/advanced\/classes\/class.options_machine.php","line":23}

Jun 18 2024 08:50:42
{"type":8192,"message":"Creation of dynamic property Options_Machine::$Defaults is deprecated","file":"\/var\/www\/html\/wp-content\/themes\/flatsome\/inc\/admin\/advanced\/classes\/class.options_machine.php","line":23}

Jun 18 2024 08:50:43
{"type":8192,"message":"Creation of dynamic property Options_Machine::$Defaults is deprecated","file":"\/var\/www\/html\/wp-content\/themes\/flatsome\/inc\/admin\/advanced\/classes\/class.options_machine.php","line":23}

Jun 18 2024 08:50:47
{"type":8192,"message":"Creation of dynamic property Options_Machine::$Defaults is deprecated","file":"\/var\/www\/html\/wp-content\/themes\/flatsome\/inc\/admin\/advanced\/classes\/class.options_machine.php","line":23}

Jun 18 2024 08:50:52
{"type":8192,"message":"Creation of dynamic property Options_Machine::$Defaults is deprecated","file":"\/var\/www\/html\/wp-content\/themes\/flatsome\/inc\/admin\/advanced\/classes\/class.options_machine.php","line":23}

Jun 18 2024 08:50:54
{"type":8192,"message":"Creation of dynamic property Options_Machine::$Defaults is deprecated","file":"\/var\/www\/html\/wp-content\/themes\/flatsome\/inc\/admin\/advanced\/classes\/class.options_machine.php","line":23}

Jun 18 2024 08:50:55
{"type":8192,"message":"Creation of dynamic property Options_Machine::$Defaults is deprecated","file":"\/var\/www\/html\/wp-content\/themes\/flatsome\/inc\/admin\/advanced\/classes\/class.options_machine.php","line":23}

Jun 18 2024 08:51:00
{"type":8192,"message":"Creation of dynamic property Options_Machine::$Defaults is deprecated","file":"\/var\/www\/html\/wp-content\/themes\/flatsome\/inc\/admin\/advanced\/classes\/class.options_machine.php","line":23}

Jun 18 2024 08:51:04
{"type":8192,"message":"Creation of dynamic property Options_Machine::$Defaults is deprecated","file":"\/var\/www\/html\/wp-content\/themes\/flatsome\/inc\/admin\/advanced\/classes\/class.options_machine.php","line":23}

Jun 18 2024 08:51:05
{"type":8192,"message":"Creation of dynamic property Options_Machine::$Defaults is deprecated","file":"\/var\/www\/html\/wp-content\/themes\/flatsome\/inc\/admin\/advanced\/classes\/class.options_machine.php","line":23}

Jun 18 2024 08:51:09
{"type":8192,"message":"Creation of dynamic property Options_Machine::$Defaults is deprecated","file":"\/var\/www\/html\/wp-content\/themes\/flatsome\/inc\/admin\/advanced\/classes\/class.options_machine.php","line":23}

Jun 18 2024 08:51:13
{"type":8192,"message":"Creation of dynamic property Options_Machine::$Defaults is deprecated","file":"\/var\/www\/html\/wp-content\/themes\/flatsome\/inc\/admin\/advanced\/classes\/class.options_machine.php","line":23}

Jun 18 2024 08:51:16
{"type":8192,"message":"Creation of dynamic property Options_Machine::$Defaults is deprecated","file":"\/var\/www\/html\/wp-content\/themes\/flatsome\/inc\/admin\/advanced\/classes\/class.options_machine.php","line":23}

Jun 18 2024 08:51:17
{"type":8192,"message":"Creation of dynamic property Options_Machine::$Defaults is deprecated","file":"\/var\/www\/html\/wp-content\/themes\/flatsome\/inc\/admin\/advanced\/classes\/class.options_machine.php","line":23}

Jun 18 2024 08:51:24
{"type":8192,"message":"Creation of dynamic property Options_Machine::$Defaults is deprecated","file":"\/var\/www\/html\/wp-content\/themes\/flatsome\/inc\/admin\/advanced\/classes\/class.options_machine.php","line":23}

Jun 18 2024 08:51:28
{"type":8192,"message":"Creation of dynamic property Options_Machine::$Defaults is deprecated","file":"\/var\/www\/html\/wp-content\/themes\/flatsome\/inc\/admin\/advanced\/classes\/class.options_machine.php","line":23}

Jun 18 2024 08:51:28
{"type":8192,"message":"Creation of dynamic property Options_Machine::$Defaults is deprecated","file":"\/var\/www\/html\/wp-content\/themes\/flatsome\/inc\/admin\/advanced\/classes\/class.options_machine.php","line":23}

Jun 18 2024 08:51:33
{"type":8192,"message":"Creation of dynamic property Options_Machine::$Defaults is deprecated","file":"\/var\/www\/html\/wp-content\/themes\/flatsome\/inc\/admin\/advanced\/classes\/class.options_machine.php","line":23}

Jun 18 2024 08:51:38
{"type":8192,"message":"Creation of dynamic property Options_Machine::$Defaults is deprecated","file":"\/var\/www\/html\/wp-content\/themes\/flatsome\/inc\/admin\/advanced\/classes\/class.options_machine.php","line":23}

Jun 18 2024 08:51:38
{"type":8192,"message":"Creation of dynamic property Options_Machine::$Defaults is deprecated","file":"\/var\/www\/html\/wp-content\/themes\/flatsome\/inc\/admin\/advanced\/classes\/class.options_machine.php","line":23}

Jun 18 2024 08:51:42
{"type":8192,"message":"Creation of dynamic property Options_Machine::$Defaults is deprecated","file":"\/var\/www\/html\/wp-content\/themes\/flatsome\/inc\/admin\/advanced\/classes\/class.options_machine.php","line":23}

Jun 18 2024 08:51:47
{"type":8192,"message":"Creation of dynamic property Options_Machine::$Defaults is deprecated","file":"\/var\/www\/html\/wp-content\/themes\/flatsome\/inc\/admin\/advanced\/classes\/class.options_machine.php","line":23}

Jun 18 2024 08:51:49
{"type":8192,"message":"Creation of dynamic property Options_Machine::$Defaults is deprecated","file":"\/var\/www\/html\/wp-content\/themes\/flatsome\/inc\/admin\/advanced\/classes\/class.options_machine.php","line":23}

Jun 18 2024 08:51:50
{"type":8192,"message":"Creation of dynamic property Options_Machine::$Defaults is deprecated","file":"\/var\/www\/html\/wp-content\/themes\/flatsome\/inc\/admin\/advanced\/classes\/class.options_machine.php","line":23}

Jun 18 2024 08:51:55
{"type":8192,"message":"Creation of dynamic property Options_Machine::$Defaults is deprecated","file":"\/var\/www\/html\/wp-content\/themes\/flatsome\/inc\/admin\/advanced\/classes\/class.options_machine.php","line":23}

Jun 18 2024 08:51:59
{"type":8192,"message":"Creation of dynamic property Options_Machine::$Defaults is deprecated","file":"\/var\/www\/html\/wp-content\/themes\/flatsome\/inc\/admin\/advanced\/classes\/class.options_machine.php","line":23}

Jun 18 2024 08:52:00
{"type":8192,"message":"Creation of dynamic property Options_Machine::$Defaults is deprecated","file":"\/var\/www\/html\/wp-content\/themes\/flatsome\/inc\/admin\/advanced\/classes\/class.options_machine.php","line":23}

Jun 18 2024 08:52:03
{"type":8192,"message":"Creation of dynamic property Options_Machine::$Defaults is deprecated","file":"\/var\/www\/html\/wp-content\/themes\/flatsome\/inc\/admin\/advanced\/classes\/class.options_machine.php","line":23}

Jun 18 2024 08:52:08
{"type":8192,"message":"Creation of dynamic property Options_Machine::$Defaults is deprecated","file":"\/var\/www\/html\/wp-content\/themes\/flatsome\/inc\/admin\/advanced\/classes\/class.options_machine.php","line":23}

Jun 18 2024 08:52:11
{"type":8192,"message":"Creation of dynamic property Options_Machine::$Defaults is deprecated","file":"\/var\/www\/html\/wp-content\/themes\/flatsome\/inc\/admin\/advanced\/classes\/class.options_machine.php","line":23}

Jun 18 2024 08:52:11
{"type":8192,"message":"Creation of dynamic property Options_Machine::$Defaults is deprecated","file":"\/var\/www\/html\/wp-content\/themes\/flatsome\/inc\/admin\/advanced\/classes\/class.options_machine.php","line":23}

Jun 18 2024 08:52:16
{"type":8192,"message":"Creation of dynamic property Options_Machine::$Defaults is deprecated","file":"\/var\/www\/html\/wp-content\/themes\/flatsome\/inc\/admin\/advanced\/classes\/class.options_machine.php","line":23}

Jun 18 2024 08:52:21
{"type":8192,"message":"Creation of dynamic property Options_Machine::$Defaults is deprecated","file":"\/var\/www\/html\/wp-content\/themes\/flatsome\/inc\/admin\/advanced\/classes\/class.options_machine.php","line":23}

Jun 18 2024 08:52:21
{"type":8192,"message":"Creation of dynamic property Options_Machine::$Defaults is deprecated","file":"\/var\/www\/html\/wp-content\/themes\/flatsome\/inc\/admin\/advanced\/classes\/class.options_machine.php","line":23}

Jun 18 2024 08:52:25
{"type":8192,"message":"Creation of dynamic property Options_Machine::$Defaults is deprecated","file":"\/var\/www\/html\/wp-content\/themes\/flatsome\/inc\/admin\/advanced\/classes\/class.options_machine.php","line":23}

Jun 18 2024 08:52:30
{"type":8192,"message":"Creation of dynamic property Options_Machine::$Defaults is deprecated","file":"\/var\/www\/html\/wp-content\/themes\/flatsome\/inc\/admin\/advanced\/classes\/class.options_machine.php","line":23}

Jun 18 2024 08:52:32
{"type":8192,"message":"Creation of dynamic property Options_Machine::$Defaults is deprecated","file":"\/var\/www\/html\/wp-content\/themes\/flatsome\/inc\/admin\/advanced\/classes\/class.options_machine.php","line":23}

Jun 18 2024 08:52:33
{"type":8192,"message":"Creation of dynamic property Options_Machine::$Defaults is deprecated","file":"\/var\/www\/html\/wp-content\/themes\/flatsome\/inc\/admin\/advanced\/classes\/class.options_machine.php","line":23}

Jun 18 2024 08:52:37
{"type":8192,"message":"Creation of dynamic property Options_Machine::$Defaults is deprecated","file":"\/var\/www\/html\/wp-content\/themes\/flatsome\/inc\/admin\/advanced\/classes\/class.options_machine.php","line":23}

Jun 18 2024 08:52:42
{"type":8192,"message":"Creation of dynamic property Options_Machine::$Defaults is deprecated","file":"\/var\/www\/html\/wp-content\/themes\/flatsome\/inc\/admin\/advanced\/classes\/class.options_machine.php","line":23}

Jun 18 2024 08:52:43
{"type":8192,"message":"Creation of dynamic property Options_Machine::$Defaults is deprecated","file":"\/var\/www\/html\/wp-content\/themes\/flatsome\/inc\/admin\/advanced\/classes\/class.options_machine.php","line":23}

Jun 18 2024 08:52:46
{"type":8192,"message":"Creation of dynamic property Options_Machine::$Defaults is deprecated","file":"\/var\/www\/html\/wp-content\/themes\/flatsome\/inc\/admin\/advanced\/classes\/class.options_machine.php","line":23}

Jun 18 2024 08:52:50
{"type":8192,"message":"Creation of dynamic property Options_Machine::$Defaults is deprecated","file":"\/var\/www\/html\/wp-content\/themes\/flatsome\/inc\/admin\/advanced\/classes\/class.options_machine.php","line":23}

Jun 18 2024 08:52:55
{"type":8192,"message":"Creation of dynamic property Options_Machine::$Defaults is deprecated","file":"\/var\/www\/html\/wp-content\/themes\/flatsome\/inc\/admin\/advanced\/classes\/class.options_machine.php","line":23}

Jun 18 2024 08:52:56
{"type":8192,"message":"Creation of dynamic property Options_Machine::$Defaults is deprecated","file":"\/var\/www\/html\/wp-content\/themes\/flatsome\/inc\/admin\/advanced\/classes\/class.options_machine.php","line":23}

Jun 18 2024 08:53:00
{"type":8192,"message":"Creation of dynamic property Options_Machine::$Defaults is deprecated","file":"\/var\/www\/html\/wp-content\/themes\/flatsome\/inc\/admin\/advanced\/classes\/class.options_machine.php","line":23}

Jun 18 2024 08:53:00
{"type":8192,"message":"Creation of dynamic property Options_Machine::$Defaults is deprecated","file":"\/var\/www\/html\/wp-content\/themes\/flatsome\/inc\/admin\/advanced\/classes\/class.options_machine.php","line":23}

Jun 18 2024 08:53:05
{"type":8192,"message":"Creation of dynamic property Options_Machine::$Defaults is deprecated","file":"\/var\/www\/html\/wp-content\/themes\/flatsome\/inc\/admin\/advanced\/classes\/class.options_machine.php","line":23}

Jun 18 2024 08:53:09
{"type":8192,"message":"Creation of dynamic property Options_Machine::$Defaults is deprecated","file":"\/var\/www\/html\/wp-content\/themes\/flatsome\/inc\/admin\/advanced\/classes\/class.options_machine.php","line":23}

Jun 18 2024 08:53:10
{"type":8192,"message":"Creation of dynamic property Options_Machine::$Defaults is deprecated","file":"\/var\/www\/html\/wp-content\/themes\/flatsome\/inc\/admin\/advanced\/classes\/class.options_machine.php","line":23}

Jun 18 2024 08:53:12
{"type":8192,"message":"Creation of dynamic property Options_Machine::$Defaults is deprecated","file":"\/var\/www\/html\/wp-content\/themes\/flatsome\/inc\/admin\/advanced\/classes\/class.options_machine.php","line":23}

Jun 18 2024 08:53:16
{"type":8192,"message":"Creation of dynamic property Options_Machine::$Defaults is deprecated","file":"\/var\/www\/html\/wp-content\/themes\/flatsome\/inc\/admin\/advanced\/classes\/class.options_machine.php","line":23}

Jun 18 2024 08:53:20
{"type":8192,"message":"Creation of dynamic property Options_Machine::$Defaults is deprecated","file":"\/var\/www\/html\/wp-content\/themes\/flatsome\/inc\/admin\/advanced\/classes\/class.options_machine.php","line":23}

Jun 18 2024 08:53:22
{"type":8192,"message":"Creation of dynamic property Options_Machine::$Defaults is deprecated","file":"\/var\/www\/html\/wp-content\/themes\/flatsome\/inc\/admin\/advanced\/classes\/class.options_machine.php","line":23}

Jun 18 2024 08:53:24
{"type":8192,"message":"Creation of dynamic property Options_Machine::$Defaults is deprecated","file":"\/var\/www\/html\/wp-content\/themes\/flatsome\/inc\/admin\/advanced\/classes\/class.options_machine.php","line":23}

Jun 18 2024 08:53:28
{"type":8192,"message":"Creation of dynamic property Options_Machine::$Defaults is deprecated","file":"\/var\/www\/html\/wp-content\/themes\/flatsome\/inc\/admin\/advanced\/classes\/class.options_machine.php","line":23}

Jun 18 2024 08:53:33
{"type":8192,"message":"Creation of dynamic property Options_Machine::$Defaults is deprecated","file":"\/var\/www\/html\/wp-content\/themes\/flatsome\/inc\/admin\/advanced\/classes\/class.options_machine.php","line":23}

Jun 18 2024 08:53:34
{"type":8192,"message":"Creation of dynamic property Options_Machine::$Defaults is deprecated","file":"\/var\/www\/html\/wp-content\/themes\/flatsome\/inc\/admin\/advanced\/classes\/class.options_machine.php","line":23}

Jun 18 2024 08:53:37
{"type":8192,"message":"Creation of dynamic property Options_Machine::$Defaults is deprecated","file":"\/var\/www\/html\/wp-content\/themes\/flatsome\/inc\/admin\/advanced\/classes\/class.options_machine.php","line":23}

Jun 18 2024 08:53:42
{"type":8192,"message":"Creation of dynamic property Options_Machine::$Defaults is deprecated","file":"\/var\/www\/html\/wp-content\/themes\/flatsome\/inc\/admin\/advanced\/classes\/class.options_machine.php","line":23}

Jun 18 2024 08:53:45
{"type":8192,"message":"Creation of dynamic property Options_Machine::$Defaults is deprecated","file":"\/var\/www\/html\/wp-content\/themes\/flatsome\/inc\/admin\/advanced\/classes\/class.options_machine.php","line":23}

Jun 18 2024 08:53:46
{"type":8192,"message":"Creation of dynamic property Options_Machine::$Defaults is deprecated","file":"\/var\/www\/html\/wp-content\/themes\/flatsome\/inc\/admin\/advanced\/classes\/class.options_machine.php","line":23}

Jun 18 2024 08:53:48
{"type":8192,"message":"Creation of dynamic property Options_Machine::$Defaults is deprecated","file":"\/var\/www\/html\/wp-content\/themes\/flatsome\/inc\/admin\/advanced\/classes\/class.options_machine.php","line":23}

Jun 18 2024 08:53:49
{"type":8192,"message":"Creation of dynamic property Options_Machine::$Defaults is deprecated","file":"\/var\/www\/html\/wp-content\/themes\/flatsome\/inc\/admin\/advanced\/classes\/class.options_machine.php","line":23}

Jun 18 2024 08:53:49
{"type":8192,"message":"Creation of dynamic property Options_Machine::$Defaults is deprecated","file":"\/var\/www\/html\/wp-content\/themes\/flatsome\/inc\/admin\/advanced\/classes\/class.options_machine.php","line":23}

Jun 18 2024 08:53:50
{"type":8192,"message":"Creation of dynamic property Options_Machine::$Defaults is deprecated","file":"\/var\/www\/html\/wp-content\/themes\/flatsome\/inc\/admin\/advanced\/classes\/class.options_machine.php","line":23}

Jun 18 2024 08:53:54
{"type":8192,"message":"Creation of dynamic property Options_Machine::$Defaults is deprecated","file":"\/var\/www\/html\/wp-content\/themes\/flatsome\/inc\/admin\/advanced\/classes\/class.options_machine.php","line":23}

Jun 18 2024 08:53:59
{"type":8192,"message":"Creation of dynamic property Options_Machine::$Defaults is deprecated","file":"\/var\/www\/html\/wp-content\/themes\/flatsome\/inc\/admin\/advanced\/classes\/class.options_machine.php","line":23}

Jun 18 2024 08:54:02
{"type":8192,"message":"Creation of dynamic property Options_Machine::$Defaults is deprecated","file":"\/var\/www\/html\/wp-content\/themes\/flatsome\/inc\/admin\/advanced\/classes\/class.options_machine.php","line":23}

Jun 18 2024 08:54:02
{"type":8192,"message":"Creation of dynamic property Options_Machine::$Defaults is deprecated","file":"\/var\/www\/html\/wp-content\/themes\/flatsome\/inc\/admin\/advanced\/classes\/class.options_machine.php","line":23}

Jun 18 2024 08:54:02
{"type":8192,"message":"Creation of dynamic property Options_Machine::$Defaults is deprecated","file":"\/var\/www\/html\/wp-content\/themes\/flatsome\/inc\/admin\/advanced\/classes\/class.options_machine.php","line":23}

Jun 18 2024 08:54:07
{"type":8192,"message":"Creation of dynamic property Options_Machine::$Defaults is deprecated","file":"\/var\/www\/html\/wp-content\/themes\/flatsome\/inc\/admin\/advanced\/classes\/class.options_machine.php","line":23}

Jun 18 2024 09:01:37
{"type":8192,"message":"Creation of dynamic property Options_Machine::$Defaults is deprecated","file":"\/var\/www\/html\/wp-content\/themes\/flatsome\/inc\/admin\/advanced\/classes\/class.options_machine.php","line":23}

Jun 18 2024 09:01:37
{"type":8192,"message":"Creation of dynamic property Options_Machine::$Defaults is deprecated","file":"\/var\/www\/html\/wp-content\/themes\/flatsome\/inc\/admin\/advanced\/classes\/class.options_machine.php","line":23}

Jun 18 2024 09:01:38
{"type":8192,"message":"Creation of dynamic property Options_Machine::$Defaults is deprecated","file":"\/var\/www\/html\/wp-content\/themes\/flatsome\/inc\/admin\/advanced\/classes\/class.options_machine.php","line":23}

Jun 18 2024 09:01:38
{"type":8192,"message":"Creation of dynamic property Options_Machine::$Defaults is deprecated","file":"\/var\/www\/html\/wp-content\/themes\/flatsome\/inc\/admin\/advanced\/classes\/class.options_machine.php","line":23}

Jun 18 2024 09:01:39
{"type":8192,"message":"Creation of dynamic property Options_Machine::$Defaults is deprecated","file":"\/var\/www\/html\/wp-content\/themes\/flatsome\/inc\/admin\/advanced\/classes\/class.options_machine.php","line":23}

Jun 18 2024 09:01:40
{"type":8192,"message":"Creation of dynamic property Options_Machine::$Defaults is deprecated","file":"\/var\/www\/html\/wp-content\/themes\/flatsome\/inc\/admin\/advanced\/classes\/class.options_machine.php","line":23}

Jun 18 2024 09:01:41
{"type":8192,"message":"Creation of dynamic property Options_Machine::$Defaults is deprecated","file":"\/var\/www\/html\/wp-content\/themes\/flatsome\/inc\/admin\/advanced\/classes\/class.options_machine.php","line":23}

Jun 18 2024 09:01:41
{"type":8192,"message":"Creation of dynamic property Options_Machine::$Defaults is deprecated","file":"\/var\/www\/html\/wp-content\/themes\/flatsome\/inc\/admin\/advanced\/classes\/class.options_machine.php","line":23}

Jun 18 2024 09:01:41
{"type":8192,"message":"Creation of dynamic property Options_Machine::$Defaults is deprecated","file":"\/var\/www\/html\/wp-content\/themes\/flatsome\/inc\/admin\/advanced\/classes\/class.options_machine.php","line":23}

Jun 18 2024 09:01:45
{"type":8192,"message":"Creation of dynamic property Options_Machine::$Defaults is deprecated","file":"\/var\/www\/html\/wp-content\/themes\/flatsome\/inc\/admin\/advanced\/classes\/class.options_machine.php","line":23}

Jun 18 2024 09:01:46
{"type":8192,"message":"Creation of dynamic property Options_Machine::$Defaults is deprecated","file":"\/var\/www\/html\/wp-content\/themes\/flatsome\/inc\/admin\/advanced\/classes\/class.options_machine.php","line":23}

Jun 18 2024 09:01:51
{"type":8192,"message":"Creation of dynamic property Options_Machine::$Defaults is deprecated","file":"\/var\/www\/html\/wp-content\/themes\/flatsome\/inc\/admin\/advanced\/classes\/class.options_machine.php","line":23}

Jun 18 2024 09:01:53
{"type":8192,"message":"Creation of dynamic property Options_Machine::$Defaults is deprecated","file":"\/var\/www\/html\/wp-content\/themes\/flatsome\/inc\/admin\/advanced\/classes\/class.options_machine.php","line":23}

Jun 18 2024 09:01:54
{"type":8192,"message":"Creation of dynamic property Options_Machine::$Defaults is deprecated","file":"\/var\/www\/html\/wp-content\/themes\/flatsome\/inc\/admin\/advanced\/classes\/class.options_machine.php","line":23}

Jun 18 2024 09:01:54
{"type":8192,"message":"Creation of dynamic property Options_Machine::$Defaults is deprecated","file":"\/var\/www\/html\/wp-content\/themes\/flatsome\/inc\/admin\/advanced\/classes\/class.options_machine.php","line":23}

Jun 18 2024 09:01:55
{"type":8192,"message":"Creation of dynamic property Options_Machine::$Defaults is deprecated","file":"\/var\/www\/html\/wp-content\/themes\/flatsome\/inc\/admin\/advanced\/classes\/class.options_machine.php","line":23}

Jun 18 2024 09:01:56
{"type":8192,"message":"Creation of dynamic property Options_Machine::$Defaults is deprecated","file":"\/var\/www\/html\/wp-content\/themes\/flatsome\/inc\/admin\/advanced\/classes\/class.options_machine.php","line":23}

Jun 18 2024 09:01:58
{"type":8192,"message":"Creation of dynamic property Options_Machine::$Defaults is deprecated","file":"\/var\/www\/html\/wp-content\/themes\/flatsome\/inc\/admin\/advanced\/classes\/class.options_machine.php","line":23}

Jun 18 2024 09:02:03
{"type":8192,"message":"Creation of dynamic property Options_Machine::$Defaults is deprecated","file":"\/var\/www\/html\/wp-content\/themes\/flatsome\/inc\/admin\/advanced\/classes\/class.options_machine.php","line":23}

Jun 18 2024 09:02:07
{"type":8192,"message":"Creation of dynamic property Options_Machine::$Defaults is deprecated","file":"\/var\/www\/html\/wp-content\/themes\/flatsome\/inc\/admin\/advanced\/classes\/class.options_machine.php","line":23}

Jun 18 2024 09:02:07
{"type":8192,"message":"Creation of dynamic property Options_Machine::$Defaults is deprecated","file":"\/var\/www\/html\/wp-content\/themes\/flatsome\/inc\/admin\/advanced\/classes\/class.options_machine.php","line":23}

Jun 18 2024 09:02:12
{"type":8192,"message":"Creation of dynamic property Options_Machine::$Defaults is deprecated","file":"\/var\/www\/html\/wp-content\/themes\/flatsome\/inc\/admin\/advanced\/classes\/class.options_machine.php","line":23}

Jun 18 2024 09:02:14
{"type":8192,"message":"Creation of dynamic property Options_Machine::$Defaults is deprecated","file":"\/var\/www\/html\/wp-content\/themes\/flatsome\/inc\/admin\/advanced\/classes\/class.options_machine.php","line":23}

Jun 18 2024 09:02:15
{"type":8192,"message":"Creation of dynamic property Options_Machine::$Defaults is deprecated","file":"\/var\/www\/html\/wp-content\/themes\/flatsome\/inc\/admin\/advanced\/classes\/class.options_machine.php","line":23}

Jun 18 2024 09:02:21
{"type":8192,"message":"Creation of dynamic property Options_Machine::$Defaults is deprecated","file":"\/var\/www\/html\/wp-content\/themes\/flatsome\/inc\/admin\/advanced\/classes\/class.options_machine.php","line":23}

Jun 18 2024 09:02:25
{"type":8192,"message":"Creation of dynamic property Options_Machine::$Defaults is deprecated","file":"\/var\/www\/html\/wp-content\/themes\/flatsome\/inc\/admin\/advanced\/classes\/class.options_machine.php","line":23}

Jun 18 2024 09:02:25
{"type":8192,"message":"Creation of dynamic property Options_Machine::$Defaults is deprecated","file":"\/var\/www\/html\/wp-content\/themes\/flatsome\/inc\/admin\/advanced\/classes\/class.options_machine.php","line":23}

Jun 18 2024 09:02:28
{"type":8192,"message":"Creation of dynamic property Options_Machine::$Defaults is deprecated","file":"\/var\/www\/html\/wp-content\/themes\/flatsome\/inc\/admin\/advanced\/classes\/class.options_machine.php","line":23}

Jun 18 2024 09:02:33
{"type":8192,"message":"Creation of dynamic property Options_Machine::$Defaults is deprecated","file":"\/var\/www\/html\/wp-content\/themes\/flatsome\/inc\/admin\/advanced\/classes\/class.options_machine.php","line":23}

Jun 18 2024 09:02:36
{"type":8192,"message":"Creation of dynamic property Options_Machine::$Defaults is deprecated","file":"\/var\/www\/html\/wp-content\/themes\/flatsome\/inc\/admin\/advanced\/classes\/class.options_machine.php","line":23}

Jun 18 2024 09:02:36
{"type":8192,"message":"Creation of dynamic property Options_Machine::$Defaults is deprecated","file":"\/var\/www\/html\/wp-content\/themes\/flatsome\/inc\/admin\/advanced\/classes\/class.options_machine.php","line":23}

Jun 18 2024 09:02:40
{"type":8192,"message":"Creation of dynamic property Options_Machine::$Defaults is deprecated","file":"\/var\/www\/html\/wp-content\/themes\/flatsome\/inc\/admin\/advanced\/classes\/class.options_machine.php","line":23}

Jun 18 2024 09:02:44
{"type":8192,"message":"Creation of dynamic property Options_Machine::$Defaults is deprecated","file":"\/var\/www\/html\/wp-content\/themes\/flatsome\/inc\/admin\/advanced\/classes\/class.options_machine.php","line":23}

Jun 18 2024 09:02:46
{"type":8192,"message":"Creation of dynamic property Options_Machine::$Defaults is deprecated","file":"\/var\/www\/html\/wp-content\/themes\/flatsome\/inc\/admin\/advanced\/classes\/class.options_machine.php","line":23}

Jun 18 2024 09:02:48
{"type":8192,"message":"Creation of dynamic property Options_Machine::$Defaults is deprecated","file":"\/var\/www\/html\/wp-content\/themes\/flatsome\/inc\/admin\/advanced\/classes\/class.options_machine.php","line":23}

Jun 18 2024 09:02:52
{"type":8192,"message":"Creation of dynamic property Options_Machine::$Defaults is deprecated","file":"\/var\/www\/html\/wp-content\/themes\/flatsome\/inc\/admin\/advanced\/classes\/class.options_machine.php","line":23}

Jun 18 2024 09:02:55
{"type":8192,"message":"Creation of dynamic property Options_Machine::$Defaults is deprecated","file":"\/var\/www\/html\/wp-content\/themes\/flatsome\/inc\/admin\/advanced\/classes\/class.options_machine.php","line":23}

Jun 18 2024 09:02:56
{"type":8192,"message":"Creation of dynamic property Options_Machine::$Defaults is deprecated","file":"\/var\/www\/html\/wp-content\/themes\/flatsome\/inc\/admin\/advanced\/classes\/class.options_machine.php","line":23}

Jun 18 2024 09:02:56
{"type":8192,"message":"Creation of dynamic property Options_Machine::$Defaults is deprecated","file":"\/var\/www\/html\/wp-content\/themes\/flatsome\/inc\/admin\/advanced\/classes\/class.options_machine.php","line":23}

Jun 18 2024 09:02:57
{"type":8192,"message":"Creation of dynamic property Options_Machine::$Defaults is deprecated","file":"\/var\/www\/html\/wp-content\/themes\/flatsome\/inc\/admin\/advanced\/classes\/class.options_machine.php","line":23}

Jun 18 2024 09:03:00
{"type":8192,"message":"Creation of dynamic property Options_Machine::$Defaults is deprecated","file":"\/var\/www\/html\/wp-content\/themes\/flatsome\/inc\/admin\/advanced\/classes\/class.options_machine.php","line":23}

Jun 18 2024 09:03:03
{"type":8192,"message":"Creation of dynamic property Options_Machine::$Defaults is deprecated","file":"\/var\/www\/html\/wp-content\/themes\/flatsome\/inc\/admin\/advanced\/classes\/class.options_machine.php","line":23}

Jun 18 2024 09:03:03
{"type":8192,"message":"Creation of dynamic property Options_Machine::$Defaults is deprecated","file":"\/var\/www\/html\/wp-content\/themes\/flatsome\/inc\/admin\/advanced\/classes\/class.options_machine.php","line":23}

Jun 18 2024 09:03:03
{"type":8192,"message":"Creation of dynamic property Options_Machine::$Defaults is deprecated","file":"\/var\/www\/html\/wp-content\/themes\/flatsome\/inc\/admin\/advanced\/classes\/class.options_machine.php","line":23}

